<?xml version="1.0" encoding="UTF-8"?>
<!-- Generated by org.testng.reporters.JUnitReportReporter -->
<testsuite hostname="LAPTOP-9Q2IJ4JF" failures="0" tests="2" name="MyTest.Programme1" time="8.811" errors="0" timestamp="2023-07-28T15:55:40 IST" skipped="0">
  <testcase classname="MyTest.Programme1" name="verifyTitle" time="4.826"/>
  <testcase classname="MyTest.Programme1" name="verifyLogo" time="3.985"/>
</testsuite> <!-- MyTest.Programme1 -->
